This is pdfTeX, Version 3.14159265-2.6-1.40.20 (TeX Live 2019/Debian) (preloaded format=latex 2022.3.25)  21 APR 2022 21:43
entering extended mode
 restricted \write18 enabled.
 %&-line parsing enabled.
**dissertation.tex
(./dissertation.tex
LaTeX2e <2020-02-02> patch level 2
L3 programming layer <2020-02-14>
(/usr/share/texlive/texmf-dist/tex/latex/base/report.cls
Document Class: report 2019/12/20 v1.4l Standard LaTeX document class
(/usr/share/texlive/texmf-dist/tex/latex/base/size12.clo
File: size12.clo 2019/12/20 v1.4l Standard LaTeX file (size option)
)
\c@part=\count167
\c@chapter=\count168
\c@section=\count169
\c@subsection=\count170
\c@subsubsection=\count171
\c@paragraph=\count172
\c@subparagraph=\count173
\c@figure=\count174
\c@table=\count175
\abovecaptionskip=\skip47
\belowcaptionskip=\skip48
\bibindent=\dimen134
)
(/usr/share/texlive/texmf-dist/tex/latex/base/inputenc.sty
Package: inputenc 2018/08/11 v1.3c Input encoding file
\inpenc@prehook=\toks14
\inpenc@posthook=\toks15
)
(/usr/share/texlive/texmf-dist/tex/latex/geometry/geometry.sty
Package: geometry 2020/01/02 v5.9 Page Geometry

(/usr/share/texlive/texmf-dist/tex/latex/graphics/keyval.sty
Package: keyval 2014/10/28 v1.15 key=value parser (DPC)
\KV@toks@=\toks16
)
(/usr/share/texlive/texmf-dist/tex/generic/iftex/ifvtex.sty
Package: ifvtex 2019/10/25 v1.7 ifvtex legacy package. Use iftex instead.

(/usr/share/texlive/texmf-dist/tex/generic/iftex/iftex.sty
Package: iftex 2019/11/07 v1.0c TeX engine tests
))
\Gm@cnth=\count176
\Gm@cntv=\count177
\c@Gm@tempcnt=\count178
\Gm@bindingoffset=\dimen135
\Gm@wd@mp=\dimen136
\Gm@odd@mp=\dimen137
\Gm@even@mp=\dimen138
\Gm@layoutwidth=\dimen139
\Gm@layoutheight=\dimen140
\Gm@layouthoffset=\dimen141
\Gm@layoutvoffset=\dimen142
\Gm@dimlist=\toks17
)
(/usr/share/texlive/texmf-dist/tex/latex/physics/physics.sty
Package: physics 

(/usr/share/texlive/texmf-dist/tex/latex/l3packages/xparse/xparse.sty
(/usr/share/texlive/texmf-dist/tex/latex/l3kernel/expl3.sty
Package: expl3 2020-02-14 L3 programming layer (loader) 

(/usr/share/texlive/texmf-dist/tex/latex/l3backend/l3backend-dvips.def
File: l3backend-dvips.def 2020-02-03 L3 backend support: dvips
\l__pdf_internal_box=\box45
\g__pdf_backend_object_int=\count179
\l__pdf_backend_content_box=\box46
\l__pdf_backend_model_box=\box47
\g__pdf_backend_annotation_int=\count180
\g__pdf_backend_link_int=\count181
\g__pdf_backend_link_sf_int=\count182
))
Package: xparse 2020-02-14 L3 Experimental document command parser
\l__xparse_current_arg_int=\count183
\g__xparse_grabber_int=\count184
\l__xparse_m_args_int=\count185
\l__xparse_v_nesting_int=\count186
)
(/usr/share/texlive/texmf-dist/tex/latex/amsmath/amsmath.sty
Package: amsmath 2020/01/20 v2.17e AMS math features
\@mathmargin=\skip49

For additional information on amsmath, use the `?' option.
(/usr/share/texlive/texmf-dist/tex/latex/amsmath/amstext.sty
Package: amstext 2000/06/29 v2.01 AMS text

(/usr/share/texlive/texmf-dist/tex/latex/amsmath/amsgen.sty
File: amsgen.sty 1999/11/30 v2.0 generic functions
\@emptytoks=\toks18
\ex@=\dimen143
))
(/usr/share/texlive/texmf-dist/tex/latex/amsmath/amsbsy.sty
Package: amsbsy 1999/11/29 v1.2d Bold Symbols
\pmbraise@=\dimen144
)
(/usr/share/texlive/texmf-dist/tex/latex/amsmath/amsopn.sty
Package: amsopn 2016/03/08 v2.02 operator names
)
\inf@bad=\count187
LaTeX Info: Redefining \frac on input line 227.
\uproot@=\count188
\leftroot@=\count189
LaTeX Info: Redefining \overline on input line 389.
\classnum@=\count190
\DOTSCASE@=\count191
LaTeX Info: Redefining \ldots on input line 486.
LaTeX Info: Redefining \dots on input line 489.
LaTeX Info: Redefining \cdots on input line 610.
\Mathstrutbox@=\box48
\strutbox@=\box49
\big@size=\dimen145
LaTeX Font Info:    Redeclaring font encoding OML on input line 733.
LaTeX Font Info:    Redeclaring font encoding OMS on input line 734.
\macc@depth=\count192
\c@MaxMatrixCols=\count193
\dotsspace@=\muskip16
\c@parentequation=\count194
\dspbrk@lvl=\count195
\tag@help=\toks19
\row@=\count196
\column@=\count197
\maxfields@=\count198
\andhelp@=\toks20
\eqnshift@=\dimen146
\alignsep@=\dimen147
\tagshift@=\dimen148
\tagwidth@=\dimen149
\totwidth@=\dimen150
\lineht@=\dimen151
\@envbody=\toks21
\multlinegap=\skip50
\multlinetaggap=\skip51
\mathdisplay@stack=\toks22
LaTeX Info: Redefining \[ on input line 2859.
LaTeX Info: Redefining \] on input line 2860.
))
(/usr/share/texlive/texmf-dist/tex/generic/babel/babel.sty
Package: babel 2020/02/14 3.40 The Babel package

(/usr/share/texlive/texmf-dist/tex/generic/babel/switch.def
File: switch.def 2020/02/14 3.40 Babel switching mechanism
)
(/usr/share/texlive/texmf-dist/tex/generic/babel-english/english.ldf
Language: english 2017/06/06 v3.3r English support from the babel system

(/usr/share/texlive/texmf-dist/tex/generic/babel/babel.def
File: babel.def 2020/02/14 3.40 Babel common definitions
\babel@savecnt=\count199
\U@D=\dimen152

(/usr/share/texlive/texmf-dist/tex/generic/babel/txtbabel.def)
\bbl@readstream=\read2
\bbl@dirlevel=\count266
)
Package babel Info: \l@canadian = using hyphenrules for english
(babel)             (\language0) on input line 102.
Package babel Info: \l@australian = using hyphenrules for ukenglish
(babel)             (\language18) on input line 105.
Package babel Info: \l@newzealand = using hyphenrules for ukenglish
(babel)             (\language18) on input line 108.
)
(/usr/share/texlive/texmf-dist/tex/generic/babel-portuges/portuges.ldf
Language: portuges 2008/03/18 v1.2q Portuguese support from the babel system
Package babel Info: \l@brazil = using hyphenrules for portuguese
(babel)             (\language25) on input line 113.
Package babel Info: Making " an active character on input line 145.
))
(/usr/share/texlive/texmf-dist/tex/latex/graphics/graphicx.sty
Package: graphicx 2019/11/30 v1.2a Enhanced LaTeX Graphics (DPC,SPQR)

(/usr/share/texlive/texmf-dist/tex/latex/graphics/graphics.sty
Package: graphics 2019/11/30 v1.4a Standard LaTeX Graphics (DPC,SPQR)

(/usr/share/texlive/texmf-dist/tex/latex/graphics/trig.sty
Package: trig 2016/01/03 v1.10 sin cos tan (DPC)
)
(/usr/share/texlive/texmf-dist/tex/latex/graphics-cfg/graphics.cfg
File: graphics.cfg 2016/06/04 v1.11 sample graphics configuration
)
Package graphics Info: Driver file: dvips.def on input line 105.

(/usr/share/texlive/texmf-dist/tex/latex/graphics-def/dvips.def
File: dvips.def 2017/06/20 v3.1d Graphics/color driver for dvips
))
\Gin@req@height=\dimen153
\Gin@req@width=\dimen154
)
(/usr/share/texlive/texmf-dist/tex/latex/mathtools/mathtools.sty
Package: mathtools 2020/01/17 v1.23 mathematical typesetting tools

(/usr/share/texlive/texmf-dist/tex/latex/tools/calc.sty
Package: calc 2017/05/25 v4.3 Infix arithmetic (KKT,FJ)
\calc@Acount=\count267
\calc@Bcount=\count268
\calc@Adimen=\dimen155
\calc@Bdimen=\dimen156
\calc@Askip=\skip52
\calc@Bskip=\skip53
LaTeX Info: Redefining \setlength on input line 80.
LaTeX Info: Redefining \addtolength on input line 81.
\calc@Ccount=\count269
\calc@Cskip=\skip54
)
(/usr/share/texlive/texmf-dist/tex/latex/mathtools/mhsetup.sty
Package: mhsetup 2017/03/31 v1.3 programming setup (MH)
)
LaTeX Info: Thecontrolsequence`\('isalreadyrobust on input line 129.
LaTeX Info: Thecontrolsequence`\)'isalreadyrobust on input line 129.
LaTeX Info: Thecontrolsequence`\['isalreadyrobust on input line 129.
LaTeX Info: Thecontrolsequence`\]'isalreadyrobust on input line 129.
\g_MT_multlinerow_int=\count270
\l_MT_multwidth_dim=\dimen157
\origjot=\skip55
\l_MT_shortvdotswithinadjustabove_dim=\dimen158
\l_MT_shortvdotswithinadjustbelow_dim=\dimen159
\l_MT_above_intertext_sep=\dimen160
\l_MT_below_intertext_sep=\dimen161
\l_MT_above_shortintertext_sep=\dimen162
\l_MT_below_shortintertext_sep=\dimen163
)
(/usr/share/texlive/texmf-dist/tex/latex/jknapltx/mathrsfs.sty
Package: mathrsfs 1996/01/01 Math RSFS package v1.0 (jk)
\symrsfs=\mathgroup4
)
(/usr/share/texlive/texmf-dist/tex/latex/graphics/color.sty
Package: color 2019/11/23 v1.2a Standard LaTeX Color (DPC)

(/usr/share/texlive/texmf-dist/tex/latex/graphics-cfg/color.cfg
File: color.cfg 2016/01/02 v1.6 sample color configuration
)
Package color Info: Driver file: dvips.def on input line 147.

(/usr/share/texlive/texmf-dist/tex/latex/graphics/dvipsnam.def
File: dvipsnam.def 2016/06/17 v3.0m Driver-dependent file (DPC,SPQR)
))
(/usr/share/texlive/texmf-dist/tex/latex/base/newlfont.sty
Package: newlfont 1998/08/17 v2.2m Standard LaTeX package
LaTeX Info: Redefining \em on input line 57.

(/usr/share/texlive/texmf-dist/tex/latex/base/latexsym.sty
Package: latexsym 1998/08/17 v2.2e Standard LaTeX package (lasy symbols)
\symlasy=\mathgroup5
LaTeX Font Info:    Overwriting symbol font `lasy' in version `bold'
(Font)                  U/lasy/m/n --> U/lasy/b/n on input line 52.
))
(/usr/share/texlive/texmf-dist/tex/latex/caption/caption.sty
Package: caption 2020/01/03 v3.4h Customizing captions (AR)

(/usr/share/texlive/texmf-dist/tex/latex/caption/caption3.sty
Package: caption3 2020/01/03 v1.8h caption3 kernel (AR)
Package caption3 Info: TeX engine: e-TeX on input line 61.
\captionmargin=\dimen164
\captionmargin@=\dimen165
\captionwidth=\dimen166
\caption@tempdima=\dimen167
\caption@indent=\dimen168
\caption@parindent=\dimen169
\caption@hangindent=\dimen170
Package caption Info: Standard document class detected.
)
\c@caption@flags=\count271
\c@continuedfloat=\count272
)
(/usr/share/texlive/texmf-dist/tex/latex/bbm-macros/bbm.sty
Package: bbm 1999/03/15 V 1.2 provides fonts for set symbols - TH
LaTeX Font Info:    Overwriting math alphabet `\mathbbm' in version `bold'
(Font)                  U/bbm/m/n --> U/bbm/bx/n on input line 33.
LaTeX Font Info:    Overwriting math alphabet `\mathbbmss' in version `bold'
(Font)                  U/bbmss/m/n --> U/bbmss/bx/n on input line 35.
)
(/usr/share/texlive/texmf-dist/tex/latex/amsfonts/amssymb.sty
Package: amssymb 2013/01/14 v3.01 AMS font symbols

(/usr/share/texlive/texmf-dist/tex/latex/amsfonts/amsfonts.sty
Package: amsfonts 2013/01/14 v3.01 Basic AMSFonts support
\symAMSa=\mathgroup6
\symAMSb=\mathgroup7
LaTeX Font Info:    Redeclaring math symbol \hbar on input line 98.
LaTeX Font Info:    Overwriting math alphabet `\mathfrak' in version `bold'
(Font)                  U/euf/m/n --> U/euf/b/n on input line 106.
))
(/usr/share/texlive/texmf-dist/tex/latex/tools/indentfirst.sty
Package: indentfirst 1995/11/23 v1.03 Indent first paragraph (DPC)
)
(/usr/share/texlive/texmf-dist/tex/latex/bbold/bbold.sty
Package: bbold 1994/04/06 Bbold symbol package
LaTeX Font Info:    Redeclaring math alphabet \mathbb on input line 42.
)
(/usr/share/texlive/texmf-dist/tex/latex/epstopdf-pkg/epstopdf.sty
Package: epstopdf 2020-01-24 v2.11 Conversion with epstopdf on the fly (HO)

(/usr/share/texlive/texmf-dist/tex/generic/infwarerr/infwarerr.sty
Package: infwarerr 2019/12/03 v1.5 Providing info/warning/error messages (HO)
)
(/usr/share/texlive/texmf-dist/tex/latex/grfext/grfext.sty
Package: grfext 2019/12/03 v1.3 Manage graphics extensions (HO)

(/usr/share/texlive/texmf-dist/tex/generic/kvdefinekeys/kvdefinekeys.sty
Package: kvdefinekeys 2019-12-19 v1.6 Define keys (HO)
))
(/usr/share/texlive/texmf-dist/tex/latex/kvoptions/kvoptions.sty
Package: kvoptions 2019/11/29 v3.13 Key value format for package options (HO)

(/usr/share/texlive/texmf-dist/tex/generic/ltxcmds/ltxcmds.sty
Package: ltxcmds 2019/12/15 v1.24 LaTeX kernel commands for general use (HO)
)
(/usr/share/texlive/texmf-dist/tex/generic/kvsetkeys/kvsetkeys.sty
Package: kvsetkeys 2019/12/15 v1.18 Key value parser (HO)
))
(/usr/share/texlive/texmf-dist/tex/latex/pdftexcmds/pdftexcmds.sty
Package: pdftexcmds 2019/11/24 v0.31 Utility functions of pdfTeX for LuaTeX (HO
)
Package pdftexcmds Info: \pdf@primitive is available.
Package pdftexcmds Info: \pdf@ifprimitive is available.
Package pdftexcmds Info: \pdfdraftmode is ignored in DVI mode.
)
(/usr/share/texlive/texmf-dist/tex/latex/epstopdf-pkg/epstopdf-base.sty
Package: epstopdf-base 2020-01-24 v2.11 Base part for package epstopdf


Package epstopdf Warning: Drivers other than `pdftex' and `luatex' are not supp
orted.

)) (/usr/share/texlive/texmf-dist/tex/latex/footmisc/footmisc.sty
Package: footmisc 2011/06/06 v5.5b a miscellany of footnote facilities
\FN@temptoken=\toks23
\footnotemargin=\dimen171
\c@pp@next@reset=\count273
Package footmisc Info: Declaring symbol style bringhurst on input line 855.
Package footmisc Info: Declaring symbol style chicago on input line 863.
Package footmisc Info: Declaring symbol style wiley on input line 872.
Package footmisc Info: Declaring symbol style lamport-robust on input line 883.

Package footmisc Info: Declaring symbol style lamport* on input line 903.
Package footmisc Info: Declaring symbol style lamport*-robust on input line 924
.
)
(/usr/share/texlive/texmf-dist/tex/latex/comment/comment.sty
\CommentStream=\write3

Excluding comment 'comment')
(/usr/share/texlive/texmf-dist/tex/latex/cite/cite.sty
LaTeX Info: Redefining \cite on input line 302.
LaTeX Info: Redefining \nocite on input line 332.
Package: cite 2015/02/27  v 5.5
)
(/usr/share/texlive/texmf-dist/tex/latex/setspace/setspace.sty
Package: setspace 2011/12/19 v6.7a set line spacing
)
(/usr/share/texlive/texmf-dist/tex/latex/koma-script/tocstyle.sty
Package: tocstyle 2019/10/09 v0.2j-alpha deprecated package (versatile toc styl
es)


Package tocstyle Warning: THIS IS A DEPRECATED ALPHA VERSION!
(tocstyle)                USAGE OF THIS VERSION IS ON YOUR OWN RISK!
(tocstyle)                EVERYTHING MAY HAPPEN!
(tocstyle)                THE PACKAGE IS FROZEN WITH ALL IT'S BUGS!
(tocstyle)                IT WILL BE REMOVED FROM KOMA-SCRIPT SOON!
(tocstyle)                THERE IS NO SUPPORT, IF YOU USE THIS PACKAGE!
(tocstyle)                Maybe it would be better, not to load this package.

\tocstyle@indentstyle=\count274
Package tocstyle Info: no tocstyle.cfg found on input line 951.
)
exclude: 
exclude: 
exclude: 
exclude: 
exclude: 
exclude: 
exclude: 
(./dissertation.aux)
\openout1 = `dissertation.aux'.

LaTeX Font Info:    Checking defaults for OML/cmm/m/it on input line 35.
LaTeX Font Info:    ... okay on input line 35.
LaTeX Font Info:    Checking defaults for OMS/cmsy/m/n on input line 35.
LaTeX Font Info:    ... okay on input line 35.
LaTeX Font Info:    Checking defaults for OT1/cmr/m/n on input line 35.
LaTeX Font Info:    ... okay on input line 35.
LaTeX Font Info:    Checking defaults for T1/cmr/m/n on input line 35.
LaTeX Font Info:    ... okay on input line 35.
LaTeX Font Info:    Checking defaults for TS1/cmr/m/n on input line 35.
LaTeX Font Info:    ... okay on input line 35.
LaTeX Font Info:    Checking defaults for OMX/cmex/m/n on input line 35.
LaTeX Font Info:    ... okay on input line 35.
LaTeX Font Info:    Checking defaults for U/cmr/m/n on input line 35.
LaTeX Font Info:    ... okay on input line 35.

*geometry* driver: auto-detecting
*geometry* detected driver: dvips
*geometry* verbose mode - [ preamble ] result:
* driver: dvips
* paper: a4paper
* layout: <same size as paper>
* layoutoffset:(h,v)=(0.0pt,0.0pt)
* modes: 
* h-part:(L,W,R)=(56.9055pt, 455.24411pt, 85.35826pt)
* v-part:(T,H,B)=(56.9055pt, 702.78308pt, 85.35826pt)
* \paperwidth=597.50787pt
* \paperheight=845.04684pt
* \textwidth=455.24411pt
* \textheight=702.78308pt
* \oddsidemargin=-15.36449pt
* \evensidemargin=-15.36449pt
* \topmargin=-15.36449pt
* \headheight=0.0pt
* \headsep=0.0pt
* \topskip=12.0pt
* \footskip=30.0pt
* \marginparwidth=35.0pt
* \marginparsep=10.0pt
* \columnsep=10.0pt
* \skip\footins=10.8pt plus 4.0pt minus 2.0pt
* \hoffset=0.0pt
* \voffset=0.0pt
* \mag=1000
* \@twocolumnfalse
* \@twosidefalse
* \@mparswitchfalse
* \@reversemarginfalse
* (1in=72.27pt=25.4mm, 1cm=28.453pt)

Package caption Info: Begin \AtBeginDocument code.
Package caption Info: End \AtBeginDocument code.
Package tocstyle Info: prepare \l@part for redefinition on input line 35.
Package tocstyle Info: prepare \l@chapter for redefinition on input line 35.
Package tocstyle Info: prepare \l@section for redefinition on input line 35.
LaTeX Font Info:    Trying to load font information for U+rsfs on input line 35
.
(/usr/share/texlive/texmf-dist/tex/latex/jknapltx/ursfs.fd
File: ursfs.fd 1998/03/24 rsfs font definition file (jk)
)
LaTeX Font Info:    Trying to load font information for U+lasy on input line 35
.

(/usr/share/texlive/texmf-dist/tex/latex/base/ulasy.fd
File: ulasy.fd 1998/08/17 v2.2e LaTeX symbol font definitions
)
LaTeX Font Info:    Trying to load font information for U+msa on input line 35.


(/usr/share/texlive/texmf-dist/tex/latex/amsfonts/umsa.fd
File: umsa.fd 2013/01/14 v3.01 AMS symbols A
)
LaTeX Font Info:    Trying to load font information for U+msb on input line 35.


(/usr/share/texlive/texmf-dist/tex/latex/amsfonts/umsb.fd
File: umsb.fd 2013/01/14 v3.01 AMS symbols B
)
Package tocstyle Info: prepare \l@subsection for redefinition on input line 35.

Package tocstyle Info: prepare \l@table for redefinition on input line 35.
Package tocstyle Info: prepare \l@figure for redefinition on input line 35.
 [1

]
Underfull \hbox (badness 3343) in paragraph at lines 90--95
[]\OT1/cmr/m/n/10 Disserta^^Xc~ao apre-sen-tada ao Pro-grama de P^^Sos-
 []

[1] [1] [2] (./dissertation.lof
number indent by \l@... (lof, 1):  17.62482pt
text indent by \l@... (lof, 1):  27.02475pt
number indent by parent (lof, 1):  17.62482pt
text indent calculated (lof, 1): 20.88867pt
number indent calculated (lof, 1): 17.62482pt
text noindent (lof, 1): 20.88867pt
number noindent (lof, 1): 0.0pt
number indent by \l@... (lof, 1):  17.62482pt
text indent by \l@... (lof, 1):  27.02475pt
number indent by parent (lof, 1):  17.62482pt
text indent calculated (lof, 1): 20.88867pt
number indent calculated (lof, 1): 17.62482pt
text noindent (lof, 1): 20.88867pt
number noindent (lof, 1): 0.0pt
number indent by \l@... (lof, 1):  17.62482pt
text indent by \l@... (lof, 1):  27.02475pt
number indent by parent (lof, 1):  17.62482pt
text indent calculated (lof, 1): 20.88867pt
number indent calculated (lof, 1): 17.62482pt
text noindent (lof, 1): 20.88867pt
number noindent (lof, 1): 0.0pt
number indent by \l@... (lof, 1):  17.62482pt
text indent by \l@... (lof, 1):  27.02475pt
number indent by parent (lof, 1):  17.62482pt
text indent calculated (lof, 1): 20.88867pt
number indent calculated (lof, 1): 17.62482pt
text noindent (lof, 1): 20.88867pt
number noindent (lof, 1): 0.0pt
number indent by \l@... (lof, 1):  17.62482pt
text indent by \l@... (lof, 1):  27.02475pt
number indent by parent (lof, 1):  17.62482pt
text indent calculated (lof, 1): 20.88867pt
number indent calculated (lof, 1): 17.62482pt
text noindent (lof, 1): 20.88867pt
number noindent (lof, 1): 0.0pt
number indent by \l@... (lof, 1):  17.62482pt
text indent by \l@... (lof, 1):  27.02475pt
number indent by parent (lof, 1):  17.62482pt
text indent calculated (lof, 1): 20.88867pt
number indent calculated (lof, 1): 17.62482pt
text noindent (lof, 1): 20.88867pt
number noindent (lof, 1): 0.0pt
LaTeX Font Info:    Trying to load font information for U+euf on input line 13.

(/usr/share/texlive/texmf-dist/tex/latex/amsfonts/ueuf.fd
File: ueuf.fd 2013/01/14 v3.01 Euler Fraktur
)
number indent by \l@... (lof, 1):  17.62482pt
text indent by \l@... (lof, 1):  27.02475pt
number indent by parent (lof, 1):  17.62482pt
text indent calculated (lof, 1): 20.88867pt
number indent calculated (lof, 1): 17.62482pt
text noindent (lof, 1): 20.88867pt
number noindent (lof, 1): 0.0pt
number indent by \l@... (lof, 1):  17.62482pt
text indent by \l@... (lof, 1):  27.02475pt
number indent by parent (lof, 1):  17.62482pt
text indent calculated (lof, 1): 20.88867pt
number indent calculated (lof, 1): 17.62482pt
text noindent (lof, 1): 20.88867pt
number noindent (lof, 1): 0.0pt
number indent by \l@... (lof, 1):  17.62482pt
text indent by \l@... (lof, 1):  27.02475pt
number indent by parent (lof, 1):  17.62482pt
text indent calculated (lof, 1): 20.88867pt
number indent calculated (lof, 1): 17.62482pt
text noindent (lof, 1): 20.88867pt
number noindent (lof, 1): 0.0pt
)
\tf@lof=\write4
\openout4 = `dissertation.lof'.

 [3


] [4] (./dissertation.toc
number indent by \l@... (toc, 0):  0.0pt
text indent by \l@... (toc, 0):  17.62482pt
number indent by parent (toc, 0):  0.0pt
text indent calculated (toc, 0): 16.94444pt
number indent calculated (toc, 0): 0.0pt
text noindent (toc, 0): 30.02747pt
number noindent (toc, 0): 0.0pt
number indent by \l@... (toc, 0):  0.0pt
text indent by \l@... (toc, 0):  17.62482pt
number indent by parent (toc, 0):  0.0pt
text indent calculated (toc, 0): 16.94444pt
number indent calculated (toc, 0): 0.0pt
text noindent (toc, 0): 30.02747pt
number noindent (toc, 0): 0.0pt
number indent by \l@... (toc, 1):  17.62482pt
text indent by \l@... (toc, 1):  27.02475pt
number indent by parent (toc, 1):  16.94444pt
text indent calculated (toc, 1): 20.88867pt
number indent calculated (toc, 1): 16.94444pt
text noindent (toc, 1): 30.02747pt
number noindent (toc, 1): 0.0pt
number indent by \l@... (toc, 1):  17.62482pt
text indent by \l@... (toc, 1):  27.02475pt
number indent by parent (toc, 1):  16.94444pt
text indent calculated (toc, 1): 20.88867pt
number indent calculated (toc, 1): 16.94444pt
text noindent (toc, 1): 30.02747pt
number noindent (toc, 1): 0.0pt
number indent by \l@... (toc, 1):  17.62482pt
text indent by \l@... (toc, 1):  27.02475pt
number indent by parent (toc, 1):  16.94444pt
text indent calculated (toc, 1): 20.88867pt
number indent calculated (toc, 1): 16.94444pt
text noindent (toc, 1): 30.02747pt
number noindent (toc, 1): 0.0pt
number indent by \l@... (toc, 2):  44.64957pt
text indent by \l@... (toc, 2):  37.59956pt
number indent by parent (toc, 2):  37.83311pt
text indent calculated (toc, 2): 30.02747pt
number indent calculated (toc, 2): 37.83311pt
text noindent (toc, 2): 30.02747pt
number noindent (toc, 2): 0.0pt
number indent by \l@... (toc, 1):  17.62482pt
text indent by \l@... (toc, 1):  27.02475pt
number indent by parent (toc, 1):  16.94444pt
text indent calculated (toc, 1): 20.88867pt
number indent calculated (toc, 1): 16.94444pt
text noindent (toc, 1): 30.02747pt
number noindent (toc, 1): 0.0pt
number indent by \l@... (toc, 2):  44.64957pt
text indent by \l@... (toc, 2):  37.59956pt
number indent by parent (toc, 2):  37.83311pt
text indent calculated (toc, 2): 30.02747pt
number indent calculated (toc, 2): 37.83311pt
text noindent (toc, 2): 30.02747pt
number noindent (toc, 2): 0.0pt
number indent by \l@... (toc, 1):  17.62482pt
text indent by \l@... (toc, 1):  27.02475pt
number indent by parent (toc, 1):  16.94444pt
text indent calculated (toc, 1): 20.88867pt
number indent calculated (toc, 1): 16.94444pt
text noindent (toc, 1): 30.02747pt
number noindent (toc, 1): 0.0pt
number indent by \l@... (toc, 2):  44.64957pt
text indent by \l@... (toc, 2):  37.59956pt
number indent by parent (toc, 2):  37.83311pt
text indent calculated (toc, 2): 30.02747pt
number indent calculated (toc, 2): 37.83311pt
text noindent (toc, 2): 30.02747pt
number noindent (toc, 2): 0.0pt
number indent by \l@... (toc, 1):  17.62482pt
text indent by \l@... (toc, 1):  27.02475pt
number indent by parent (toc, 1):  16.94444pt
text indent calculated (toc, 1): 20.88867pt
number indent calculated (toc, 1): 16.94444pt
text noindent (toc, 1): 30.02747pt
number noindent (toc, 1): 0.0pt
number indent by \l@... (toc, 2):  44.64957pt
text indent by \l@... (toc, 2):  37.59956pt
number indent by parent (toc, 2):  37.83311pt
text indent calculated (toc, 2): 30.02747pt
number indent calculated (toc, 2): 37.83311pt
text noindent (toc, 2): 30.02747pt
number noindent (toc, 2): 0.0pt
number indent by \l@... (toc, 2):  44.64957pt
text indent by \l@... (toc, 2):  37.59956pt
number indent by parent (toc, 2):  37.83311pt
text indent calculated (toc, 2): 30.02747pt
number indent calculated (toc, 2): 37.83311pt
text noindent (toc, 2): 30.02747pt
number noindent (toc, 2): 0.0pt
number indent by \l@... (toc, 0):  0.0pt
text indent by \l@... (toc, 0):  17.62482pt
number indent by parent (toc, 0):  0.0pt
text indent calculated (toc, 0): 16.94444pt
number indent calculated (toc, 0): 0.0pt
text noindent (toc, 0): 30.02747pt
number noindent (toc, 0): 0.0pt
number indent by \l@... (toc, 1):  17.62482pt
text indent by \l@... (toc, 1):  27.02475pt
number indent by parent (toc, 1):  16.94444pt
text indent calculated (toc, 1): 20.88867pt
number indent calculated (toc, 1): 16.94444pt
text noindent (toc, 1): 30.02747pt
number noindent (toc, 1): 0.0pt
number indent by \l@... (toc, 1):  17.62482pt
text indent by \l@... (toc, 1):  27.02475pt
number indent by parent (toc, 1):  16.94444pt
text indent calculated (toc, 1): 20.88867pt
number indent calculated (toc, 1): 16.94444pt
text noindent (toc, 1): 30.02747pt
number noindent (toc, 1): 0.0pt
number indent by \l@... (toc, 1):  17.62482pt
text indent by \l@... (toc, 1):  27.02475pt
number indent by parent (toc, 1):  16.94444pt
text indent calculated (toc, 1): 20.88867pt
number indent calculated (toc, 1): 16.94444pt
text noindent (toc, 1): 30.02747pt
number noindent (toc, 1): 0.0pt
number indent by \l@... (toc, 1):  17.62482pt
text indent by \l@... (toc, 1):  27.02475pt
number indent by parent (toc, 1):  16.94444pt
text indent calculated (toc, 1): 20.88867pt
number indent calculated (toc, 1): 16.94444pt
text noindent (toc, 1): 30.02747pt
number noindent (toc, 1): 0.0pt
number indent by \l@... (toc, 2):  44.64957pt
text indent by \l@... (toc, 2):  37.59956pt
number indent by parent (toc, 2):  37.83311pt
text indent calculated (toc, 2): 30.02747pt
number indent calculated (toc, 2): 37.83311pt
text noindent (toc, 2): 30.02747pt
number noindent (toc, 2): 0.0pt
number indent by \l@... (toc, 2):  44.64957pt
text indent by \l@... (toc, 2):  37.59956pt
number indent by parent (toc, 2):  37.83311pt
text indent calculated (toc, 2): 30.02747pt
number indent calculated (toc, 2): 37.83311pt
text noindent (toc, 2): 30.02747pt
number noindent (toc, 2): 0.0pt
number indent by \l@... (toc, 2):  44.64957pt
text indent by \l@... (toc, 2):  37.59956pt
number indent by parent (toc, 2):  37.83311pt
text indent calculated (toc, 2): 30.02747pt
number indent calculated (toc, 2): 37.83311pt
text noindent (toc, 2): 30.02747pt
number noindent (toc, 2): 0.0pt
number indent by \l@... (toc, 2):  44.64957pt
text indent by \l@... (toc, 2):  37.59956pt
number indent by parent (toc, 2):  37.83311pt
text indent calculated (toc, 2): 30.02747pt
number indent calculated (toc, 2): 37.83311pt
text noindent (toc, 2): 30.02747pt
number noindent (toc, 2): 0.0pt
number indent by \l@... (toc, 0):  0.0pt
text indent by \l@... (toc, 0):  17.62482pt
number indent by parent (toc, 0):  0.0pt
text indent calculated (toc, 0): 16.94444pt
number indent calculated (toc, 0): 0.0pt
text noindent (toc, 0): 30.02747pt
number noindent (toc, 0): 0.0pt
number indent by \l@... (toc, 1):  17.62482pt
text indent by \l@... (toc, 1):  27.02475pt
number indent by parent (toc, 1):  16.94444pt
text indent calculated (toc, 1): 20.88867pt
number indent calculated (toc, 1): 16.94444pt
text noindent (toc, 1): 30.02747pt
number noindent (toc, 1): 0.0pt
number indent by \l@... (toc, 1):  17.62482pt
text indent by \l@... (toc, 1):  27.02475pt
number indent by parent (toc, 1):  16.94444pt
text indent calculated (toc, 1): 20.88867pt
number indent calculated (toc, 1): 16.94444pt
text noindent (toc, 1): 30.02747pt
number noindent (toc, 1): 0.0pt
number indent by \l@... (toc, 1):  17.62482pt
text indent by \l@... (toc, 1):  27.02475pt
number indent by parent (toc, 1):  16.94444pt
text indent calculated (toc, 1): 20.88867pt
number indent calculated (toc, 1): 16.94444pt
text noindent (toc, 1): 30.02747pt
number noindent (toc, 1): 0.0pt
number indent by \l@... (toc, 2):  44.64957pt
text indent by \l@... (toc, 2):  37.59956pt
number indent by parent (toc, 2):  37.83311pt
text indent calculated (toc, 2): 30.02747pt
number indent calculated (toc, 2): 37.83311pt
text noindent (toc, 2): 30.02747pt
number noindent (toc, 2): 0.0pt
number indent by \l@... (toc, 1):  17.62482pt
text indent by \l@... (toc, 1):  27.02475pt
number indent by parent (toc, 1):  16.94444pt
text indent calculated (toc, 1): 20.88867pt
number indent calculated (toc, 1): 16.94444pt
text noindent (toc, 1): 30.02747pt
number noindent (toc, 1): 0.0pt
number indent by \l@... (toc, 2):  44.64957pt
text indent by \l@... (toc, 2):  37.59956pt
number indent by parent (toc, 2):  37.83311pt
text indent calculated (toc, 2): 30.02747pt
number indent calculated (toc, 2): 37.83311pt
text noindent (toc, 2): 30.02747pt
number noindent (toc, 2): 0.0pt
number indent by \l@... (toc, 2):  44.64957pt
text indent by \l@... (toc, 2):  37.59956pt
number indent by parent (toc, 2):  37.83311pt
text indent calculated (toc, 2): 30.02747pt
number indent calculated (toc, 2): 37.83311pt
text noindent (toc, 2): 30.02747pt
number noindent (toc, 2): 0.0pt
number indent by \l@... (toc, 2):  44.64957pt
text indent by \l@... (toc, 2):  37.59956pt
number indent by parent (toc, 2):  37.83311pt
text indent calculated (toc, 2): 30.02747pt
number indent calculated (toc, 2): 37.83311pt
text noindent (toc, 2): 30.02747pt
number noindent (toc, 2): 0.0pt
number indent by \l@... (toc, 2):  44.64957pt
text indent by \l@... (toc, 2):  37.59956pt
number indent by parent (toc, 2):  37.83311pt
text indent calculated (toc, 2): 30.02747pt
number indent calculated (toc, 2): 37.83311pt
text noindent (toc, 2): 30.02747pt
number noindent (toc, 2): 0.0pt
number indent by \l@... (toc, 0):  0.0pt
text indent by \l@... (toc, 0):  17.62482pt
number indent by parent (toc, 0):  0.0pt
text indent calculated (toc, 0): 16.94444pt
number indent calculated (toc, 0): 0.0pt
text noindent (toc, 0): 30.02747pt
number noindent (toc, 0): 0.0pt
number indent by \l@... (toc, 0):  0.0pt
text indent by \l@... (toc, 0):  17.62482pt
number indent by parent (toc, 0):  0.0pt
text indent calculated (toc, 0): 16.94444pt
number indent calculated (toc, 0): 0.0pt
text noindent (toc, 0): 30.02747pt
number noindent (toc, 0): 0.0pt
number indent by \l@... (toc, 0):  0.0pt
text indent by \l@... (toc, 0):  17.62482pt
number indent by parent (toc, 0):  0.0pt
text indent calculated (toc, 0): 16.94444pt
number indent calculated (toc, 0): 0.0pt
text noindent (toc, 0): 30.02747pt
number noindent (toc, 0): 0.0pt
)
\tf@toc=\write5
\openout5 = `dissertation.toc'.

 [5



] [6]
Chapter 1.
[1


] [2]
Overfull \hbox (4.3942pt too wide) in paragraph at lines 186--187
[]\OT1/cmr/m/n/12 More re-cently, a dif-fer-ent cri-te-rion for re-al-ism (stil
l very much rooted in EPR's premises)
 []

[3] [4]
Chapter 2.
LaTeX Font Info:    Trying to load font information for U+bbold on input line 2
09.
(/usr/share/texlive/texmf-dist/tex/latex/bbold/Ubbold.fd) [5

] [6] [7] [8]
[9]
File: ../Figuras/entropias.eps Graphic file (type eps)
 <../Figuras/entropias.eps> [10] [11] [12] [13] [14]
LaTeX Font Info:    Font shape `U/lasy/b/n' in size <8> not available
(Font)              Font shape `U/lasy/m/n' tried instead on input line 548.
LaTeX Font Info:    Font shape `U/lasy/b/n' in size <6> not available
(Font)              Font shape `U/lasy/m/n' tried instead on input line 548.
 [15] [16] [17] [18]
[19] [20] [21] [22]
Chapter 3.
[23

]
File: ../Figuras/grupo-poincare.eps Graphic file (type eps)
 <../Figuras/grupo-poincare.eps>

LaTeX Warning: `h' float specifier changed to `ht'.

[24] [25] [26]
File: ../Figuras/wig-rot-1.eps Graphic file (type eps)
 <../Figuras/wig-rot-1.eps>
Overfull \hbox (8.0735pt too wide) in paragraph at lines 849--850
[]\OT1/cmr/m/n/12 Multiplying equa-tion [] by $\OML/cmm/m/it/12 B[]\OT1/cmr/m/n
/12 (\OT1/cmr/bx/n/12 w\OT1/cmr/m/n/12 )$ from the left, we get $\OML/cmm/m/it/
12 R[]\OT1/cmr/m/n/12 (
) = \OML/cmm/m/it/12 B[]\OT1/cmr/m/n/12 (\OT1/cmr/bx/n/12 w\OT1/cmr/m/n/12 )\OM
L/cmm/m/it/12 B\OT1/cmr/m/n/12 (\OT1/cmr/bx/n/12 v\OT1/cmr/m/n/12 )\OML/cmm/m/i
t/12 B\OT1/cmr/m/n/12 (\OT1/cmr/bx/n/12 u\OT1/cmr/m/n/12 )$.
 []

[27] [28] [29] [30]
Overfull \hbox (10.4971pt too wide) in paragraph at lines 997--1003
\OT1/cmr/m/n/12 which is equiv-a-lent to re-quir-ing that the ze-roth com-po-ne
nt of $\OML/cmm/m/it/12 p[]$ \OT1/cmr/m/n/12 be $\OML/cmm/m/it/12 p[] \OT1/cmr/
m/n/12 = \OML/cmm/m/it/12 E=c \OT1/cmr/m/n/12 = []$.
 []

[31]
LaTeX Font Info:    Font shape `U/lasy/b/n' in size <7> not available
(Font)              Font shape `U/lasy/m/n' tried instead on input line 1040.
LaTeX Font Info:    Font shape `U/lasy/b/n' in size <5> not available
(Font)              Font shape `U/lasy/m/n' tried instead on input line 1040.
 [32]
Overfull \hbox (0.93744pt too wide) in paragraph at lines 1045--1048
\OT1/cmr/m/n/12 The trans-for-ma-tion on the right hand side is a com-po-si-tio
n of a Wigner ro-ta-tion $\OML/cmm/m/it/12 W\OT1/cmr/m/n/12 (^^C\OML/cmm/m/it/1
2 ; \OT1/cmr/bx/n/12 p\OT1/cmr/m/n/12 ) \OMS/cmsy/m/n/12 ^^Q
 []

File: ../Figuras/angulo.eps Graphic file (type eps)
<../Figuras/angulo.eps> [33]

LaTeX Font Warning: Command \small invalid in math mode on input line 1101.


LaTeX Font Warning: Command \normalsize invalid in math mode on input line 1101
.


LaTeX Font Warning: Command \small invalid in math mode on input line 1101.


LaTeX Font Warning: Command \normalsize invalid in math mode on input line 1101
.

[34]
Chapter 4.
[35

] [36] [37] [38] [39]
File: ../Figuras/entanglement-counter.eps Graphic file (type eps)
 <../Figuras/entanglement-counter.eps> [40] [41]
File: ../Figuras/improved/spin-irreality-counter-IMPROVED.eps Graphic file (typ
e eps)

<../Figuras/improved/spin-irreality-counter-IMPROVED.eps>
Overfull \hbox (8.79422pt too wide) in paragraph at lines 1316--1318
 [][] 
 []

[42]
File: ../Figuras/mach-zehnder-xi.eps Graphic file (type eps)
 <../Figuras/mach-zehnder-xi.eps> [43] [44] [45]
File: ../Figuras/improved/3d-plots-IMPROVED.eps Graphic file (type eps)

<../Figuras/improved/3d-plots-IMPROVED.eps> [46] [47] [48]
File: ../Figuras/SG_f.eps Graphic file (type eps)

<../Figuras/SG_f.eps> [49] [50]
Chapter 5.
[51

] [52]
Appendix A.
[53

] [54] [55] [56] (./dissertation.bbl [57

] [58] [59]) [60]
(./dissertation.aux) ) 
Here is how much of TeX's memory you used:
 7113 strings out of 481240
 111414 string characters out of 5920403
 386836 words of memory out of 5000000
 22178 multiletter control sequences out of 15000+600000
 555055 words of font info for 118 fonts, out of 8000000 for 9000
 1141 hyphenation exceptions out of 8191
 43i,24n,54p,1893b,424s stack positions out of 5000i,500n,10000p,200000b,80000s

Output written on dissertation.dvi (68 pages, 291188 bytes).
